<?xml version="1.0" encoding="UTF-8"?>
<testsuite name="org.elasticsearch.search.search.SearchTests" tests="1" skipped="0" failures="1" errors="0" timestamp="2020-04-14T13:09:44" hostname="mpdreamz-laptop" time="0.509">
  <properties/>
  <testcase name="X" classname="org.elasticsearch.search.search.SearchTests" time="0.509">
    <failure message="java.lang.Exception: method [POST], host [http://localhost:9200], URI [/_search], status line [HTTP/1.1 400 Bad Request]&#10;{&quot;error&quot;:{&quot;root_cause&quot;:[{&quot;type&quot;:&quot;parsing_exception&quot;,&quot;reason&quot;:&quot;Unknown key for a VALUE_NULL in [allow_no_indices].&quot;,&quot;line&quot;:1,&quot;col&quot;:21}],&quot;type&quot;:&quot;parsing_exception&quot;,&quot;reason&quot;:&quot;Unknown key for a VALUE_NULL in [allow_no_indices].&quot;,&quot;line&quot;:1,&quot;col&quot;:21},&quot;status&quot;:400}" type="java.lang.Exception">java.lang.Exception: method [POST], host [http://localhost:9200], URI [/_search], status line [HTTP/1.1 400 Bad Request]
{&quot;error&quot;:{&quot;root_cause&quot;:[{&quot;type&quot;:&quot;parsing_exception&quot;,&quot;reason&quot;:&quot;Unknown key for a VALUE_NULL in [allow_no_indices].&quot;,&quot;line&quot;:1,&quot;col&quot;:21}],&quot;type&quot;:&quot;parsing_exception&quot;,&quot;reason&quot;:&quot;Unknown key for a VALUE_NULL in [allow_no_indices].&quot;,&quot;line&quot;:1,&quot;col&quot;:21},&quot;status&quot;:400}
	at org.elasticsearch.ElasticsearchClient.parseResponseException(ElasticsearchClient.java:142)
	at org.elasticsearch.ElasticsearchClient.internalPerformRequest(ElasticsearchClient.java:105)
	at org.elasticsearch.ElasticsearchClient.search(ElasticsearchClient.java:62)
	at org.elasticsearch.search.search.SearchTests.X(SearchTests.java:25)
	at java.base/jdk.internal.reflect.NativeMethodAccessorImpl.invoke0(Native Method)
	at java.base/jdk.internal.reflect.NativeMethodAccessorImpl.invoke(NativeMethodAccessorImpl.java:62)
	at java.base/jdk.internal.reflect.DelegatingMethodAccessorImpl.invoke(DelegatingMethodAccessorImpl.java:43)
	at java.base/java.lang.reflect.Method.invoke(Method.java:566)
	at org.junit.runners.model.FrameworkMethod$1.runReflectiveCall(FrameworkMethod.java:50)
	at org.junit.internal.runners.model.ReflectiveCallable.run(ReflectiveCallable.java:12)
	at org.junit.runners.model.FrameworkMethod.invokeExplosively(FrameworkMethod.java:47)
	at org.junit.internal.runners.statements.InvokeMethod.evaluate(InvokeMethod.java:17)
	at org.junit.runners.ParentRunner.runLeaf(ParentRunner.java:325)
	at org.junit.runners.BlockJUnit4ClassRunner.runChild(BlockJUnit4ClassRunner.java:78)
	at org.junit.runners.BlockJUnit4ClassRunner.runChild(BlockJUnit4ClassRunner.java:57)
	at org.junit.runners.ParentRunner$3.run(ParentRunner.java:290)
	at org.junit.runners.ParentRunner$1.schedule(ParentRunner.java:71)
	at org.junit.runners.ParentRunner.runChildren(ParentRunner.java:288)
	at org.junit.runners.ParentRunner.access$000(ParentRunner.java:58)
	at org.junit.runners.ParentRunner$2.evaluate(ParentRunner.java:268)
	at org.junit.runners.ParentRunner.run(ParentRunner.java:363)
	at org.gradle.api.internal.tasks.testing.junit.JUnitTestClassExecutor.runTestClass(JUnitTestClassExecutor.java:110)
	at org.gradle.api.internal.tasks.testing.junit.JUnitTestClassExecutor.execute(JUnitTestClassExecutor.java:58)
	at org.gradle.api.internal.tasks.testing.junit.JUnitTestClassExecutor.execute(JUnitTestClassExecutor.java:38)
	at org.gradle.api.internal.tasks.testing.junit.AbstractJUnitTestClassProcessor.processTestClass(AbstractJUnitTestClassProcessor.java:62)
	at org.gradle.api.internal.tasks.testing.SuiteTestClassProcessor.processTestClass(SuiteTestClassProcessor.java:51)
	at java.base/jdk.internal.reflect.NativeMethodAccessorImpl.invoke0(Native Method)
	at java.base/jdk.internal.reflect.NativeMethodAccessorImpl.invoke(NativeMethodAccessorImpl.java:62)
	at java.base/jdk.internal.reflect.DelegatingMethodAccessorImpl.invoke(DelegatingMethodAccessorImpl.java:43)
	at java.base/java.lang.reflect.Method.invoke(Method.java:566)
	at org.gradle.internal.dispatch.ReflectionDispatch.dispatch(ReflectionDispatch.java:35)
	at org.gradle.internal.dispatch.ReflectionDispatch.dispatch(ReflectionDispatch.java:24)
	at org.gradle.internal.dispatch.ContextClassLoaderDispatch.dispatch(ContextClassLoaderDispatch.java:32)
	at org.gradle.internal.dispatch.ProxyDispatchAdapter$DispatchingInvocationHandler.invoke(ProxyDispatchAdapter.java:93)
	at com.sun.proxy.$Proxy2.processTestClass(Unknown Source)
	at org.gradle.api.internal.tasks.testing.worker.TestWorker.processTestClass(TestWorker.java:118)
	at java.base/jdk.internal.reflect.NativeMethodAccessorImpl.invoke0(Native Method)
	at java.base/jdk.internal.reflect.NativeMethodAccessorImpl.invoke(NativeMethodAccessorImpl.java:62)
	at java.base/jdk.internal.reflect.DelegatingMethodAccessorImpl.invoke(DelegatingMethodAccessorImpl.java:43)
	at java.base/java.lang.reflect.Method.invoke(Method.java:566)
	at org.gradle.internal.dispatch.ReflectionDispatch.dispatch(ReflectionDispatch.java:35)
	at org.gradle.internal.dispatch.ReflectionDispatch.dispatch(ReflectionDispatch.java:24)
	at org.gradle.internal.remote.internal.hub.MessageHubBackedObjectConnection$DispatchWrapper.dispatch(MessageHubBackedObjectConnection.java:175)
	at org.gradle.internal.remote.internal.hub.MessageHubBackedObjectConnection$DispatchWrapper.dispatch(MessageHubBackedObjectConnection.java:157)
	at org.gradle.internal.remote.internal.hub.MessageHub$Handler.run(MessageHub.java:404)
	at org.gradle.internal.concurrent.ExecutorPolicy$CatchAndRecordFailures.onExecute(ExecutorPolicy.java:63)
	at org.gradle.internal.concurrent.ManagedExecutorImpl$1.run(ManagedExecutorImpl.java:46)
	at java.base/java.util.concurrent.ThreadPoolExecutor.runWorker(ThreadPoolExecutor.java:1128)
	at java.base/java.util.concurrent.ThreadPoolExecutor$Worker.run(ThreadPoolExecutor.java:628)
	at org.gradle.internal.concurrent.ThreadFactoryImpl$ManagedThreadRunnable.run(ThreadFactoryImpl.java:55)
	at java.base/java.lang.Thread.run(Thread.java:834)
Caused by: org.elasticsearch.client.ResponseException: method [POST], host [http://localhost:9200], URI [/_search], status line [HTTP/1.1 400 Bad Request]
{&quot;error&quot;:{&quot;root_cause&quot;:[{&quot;type&quot;:&quot;parsing_exception&quot;,&quot;reason&quot;:&quot;Unknown key for a VALUE_NULL in [allow_no_indices].&quot;,&quot;line&quot;:1,&quot;col&quot;:21}],&quot;type&quot;:&quot;parsing_exception&quot;,&quot;reason&quot;:&quot;Unknown key for a VALUE_NULL in [allow_no_indices].&quot;,&quot;line&quot;:1,&quot;col&quot;:21},&quot;status&quot;:400}
	at org.elasticsearch.client.RestClient.convertResponse(RestClient.java:283)
	at org.elasticsearch.client.RestClient.performRequest(RestClient.java:261)
	at org.elasticsearch.client.RestClient.performRequest(RestClient.java:235)
	at org.elasticsearch.ElasticsearchClient.internalPerformRequest(ElasticsearchClient.java:92)
	... 49 more
</failure>
  </testcase>
  <system-out><![CDATA[]]></system-out>
  <system-err><![CDATA[]]></system-err>
</testsuite>
